<?xml version="1.0" encoding="UTF-8"?>
<!-- Generated by org.testng.reporters.JUnitReportReporter -->
<testsuite hostname="DESKTOP-NSNLQ0S" failures="0" tests="1" name="com.test.LoginTest" time="13.198" errors="0" timestamp="2024-01-31T12:53:21 IST" skipped="0">
  <testcase classname="com.test.LoginTest" name="verifyLogin" time="13.198"/>
  <system-out/>
</testsuite> <!-- com.test.LoginTest -->
