<?xml version="1.0" encoding="UTF-8"?>
<!-- Generated by org.testng.reporters.JUnitReportReporter -->
<testsuite hostname="DESKTOP-NSNLQ0S" failures="0" tests="2" name="com.orangehrm.OrangeHRMDataProvider" time="49.440" errors="0" timestamp="2024-02-01T12:35:16 IST" skipped="0">
  <testcase classname="com.orangehrm.OrangeHRMDataProvider" name="test" time="22.724"/>
  <system-out/>
  <testcase classname="com.orangehrm.OrangeHRMDataProvider" name="test" time="26.716"/>
  <system-out/>
</testsuite> <!-- com.orangehrm.OrangeHRMDataProvider -->
