<?xml version="1.0" encoding="UTF-8"?>
<!-- Generated by org.testng.reporters.JUnitReportReporter -->
<testsuite hostname="DESKTOP-NSNLQ0S" failures="0" tests="1" name="com.login.PraticeTest" time="0.054" errors="0" timestamp="2024-01-30T16:26:34 IST" skipped="0">
  <testcase classname="com.login.PraticeTest" name="Multi" time="0.054"/>
  <system-out/>
</testsuite> <!-- com.login.PraticeTest -->
