<?xml version="1.0" encoding="UTF-8"?>
<!-- Generated by org.testng.reporters.JUnitReportReporter -->
<testsuite hostname="DESKTOP-NSNLQ0S" failures="0" tests="1" name="com.test.ItemTest" time="23.956" errors="0" timestamp="2024-02-01T16:05:41 IST" skipped="0">
  <testcase classname="com.test.ItemTest" name="verifyBook" time="23.956"/>
  <system-out/>
</testsuite> <!-- com.test.ItemTest -->
