<?xml version="1.0" encoding="UTF-8"?>
<!-- Generated by org.testng.reporters.JUnitReportReporter -->
<testsuite hostname="DESKTOP-NSNLQ0S" failures="0" tests="1" name="com.test.BookTest" time="6.407" errors="0" timestamp="2024-01-31T15:48:38 IST" skipped="0">
  <testcase classname="com.test.BookTest" name="verifyBook" time="6.407"/>
  <system-out/>
</testsuite> <!-- com.test.BookTest -->
